[0.000000] (-) TimerEvent: {}
[0.002550] (-) JobUnselected: {'identifier': 'base_controller'}
[0.002649] (-) JobUnselected: {'identifier': 'costmap_queue'}
[0.002687] (-) JobUnselected: {'identifier': 'dwb_core'}
[0.002710] (-) JobUnselected: {'identifier': 'dwb_critics'}
[0.002727] (-) JobUnselected: {'identifier': 'dwb_msgs'}
[0.002744] (-) JobUnselected: {'identifier': 'dwb_plugins'}
[0.002760] (-) JobUnselected: {'identifier': 'nav2_amcl'}
[0.002775] (-) JobUnselected: {'identifier': 'nav2_behavior_tree'}
[0.002790] (-) JobUnselected: {'identifier': 'nav2_behaviors'}
[0.002806] (-) JobUnselected: {'identifier': 'nav2_bringup'}
[0.002821] (-) JobUnselected: {'identifier': 'nav2_bt_navigator'}
[0.002838] (-) JobUnselected: {'identifier': 'nav2_collision_monitor'}
[0.002853] (-) JobUnselected: {'identifier': 'nav2_common'}
[0.002869] (-) JobUnselected: {'identifier': 'nav2_constrained_smoother'}
[0.002885] (-) JobUnselected: {'identifier': 'nav2_controller'}
[0.002900] (-) JobUnselected: {'identifier': 'nav2_core'}
[0.002915] (-) JobUnselected: {'identifier': 'nav2_costmap_2d'}
[0.002931] (-) JobUnselected: {'identifier': 'nav2_dwb_controller'}
[0.002946] (-) JobUnselected: {'identifier': 'nav2_graceful_controller'}
[0.002971] (-) JobUnselected: {'identifier': 'nav2_lifecycle_manager'}
[0.002988] (-) JobUnselected: {'identifier': 'nav2_loopback_sim'}
[0.003004] (-) JobUnselected: {'identifier': 'nav2_map_server'}
[0.003019] (-) JobUnselected: {'identifier': 'nav2_mppi_controller'}
[0.003034] (-) JobUnselected: {'identifier': 'nav2_msgs'}
[0.003049] (-) JobUnselected: {'identifier': 'nav2_navfn_planner'}
[0.003064] (-) JobUnselected: {'identifier': 'nav2_planner'}
[0.003080] (-) JobUnselected: {'identifier': 'nav2_regulated_pure_pursuit_controller'}
[0.003096] (-) JobUnselected: {'identifier': 'nav2_rotation_shim_controller'}
[0.003111] (-) JobUnselected: {'identifier': 'nav2_route'}
[0.003126] (-) JobUnselected: {'identifier': 'nav2_rviz_plugins'}
[0.003141] (-) JobUnselected: {'identifier': 'nav2_simple_commander'}
[0.003156] (-) JobUnselected: {'identifier': 'nav2_smac_planner'}
[0.003171] (-) JobUnselected: {'identifier': 'nav2_smoother'}
[0.003186] (-) JobUnselected: {'identifier': 'nav2_system_tests'}
[0.003201] (-) JobUnselected: {'identifier': 'nav2_theta_star_planner'}
[0.003217] (-) JobUnselected: {'identifier': 'nav2_util'}
[0.003232] (-) JobUnselected: {'identifier': 'nav2_velocity_smoother'}
[0.003247] (-) JobUnselected: {'identifier': 'nav2_voxel_grid'}
[0.003263] (-) JobUnselected: {'identifier': 'nav2_waypoint_follower'}
[0.003278] (-) JobUnselected: {'identifier': 'nav_2d_msgs'}
[0.003293] (-) JobUnselected: {'identifier': 'nav_2d_utils'}
[0.003309] (-) JobUnselected: {'identifier': 'navigation2'}
[0.003323] (-) JobUnselected: {'identifier': 'opennav_docking'}
[0.003338] (-) JobUnselected: {'identifier': 'opennav_docking_bt'}
[0.003353] (-) JobUnselected: {'identifier': 'opennav_docking_core'}
[0.003369] (-) JobUnselected: {'identifier': 'symovo_bridge'}
[0.003390] (aehub_navigation) JobQueued: {'identifier': 'aehub_navigation', 'dependencies': OrderedDict({'nav2_common': '/home/boris/ros2_ws/install/nav2_common', 'nav2_msgs': '/home/boris/ros2_ws/install/nav2_msgs'})}
[0.003449] (aehub_navigation) JobStarted: {'identifier': 'aehub_navigation'}
[0.047805] (aehub_navigation) JobProgress: {'identifier': 'aehub_navigation', 'progress': 'cmake'}
[0.052476] (aehub_navigation) JobProgress: {'identifier': 'aehub_navigation', 'progress': 'build'}
[0.056845] (aehub_navigation) Command: {'cmd': ['/usr/bin/cmake', '--build', '/home/boris/ros2_ws/build/aehub_navigation', '--', '-j4', '-l4'], 'cwd': '/home/boris/ros2_ws/build/aehub_navigation', 'env': OrderedDict({'LESSOPEN': '| /usr/bin/lesspipe %s', 'VSCODE_CWD': '/home/boris', 'VSCODE_ESM_ENTRYPOINT': 'vs/workbench/api/node/extensionHostProcess', 'USER': 'boris', 'SSH_CLIENT': '::1 55350 22', 'VSCODE_NLS_CONFIG': '{"userLocale":"en","osLocale":"en","resolvedLanguage":"en","defaultMessagesFile":"/home/boris/.cursor-server/bin/linux-arm64/2ca326e0d1ce10956aea33d54c0e2d8c13c58a30/out/nls.messages.json","locale":"en","availableLanguages":{}}', 'GZ_CONFIG_PATH': '/opt/ros/jazzy/opt/gz_sim_vendor/share/gz:/opt/ros/jazzy/opt/sdformat_vendor/share/gz:/opt/ros/jazzy/opt/gz_gui_vendor/share/gz:/opt/ros/jazzy/opt/gz_transport_vendor/share/gz:/opt/ros/jazzy/opt/gz_rendering_vendor/share/gz:/opt/ros/jazzy/opt/gz_plugin_vendor/share/gz:/opt/ros/jazzy/opt/gz_fuel_tools_vendor/share/gz:/opt/ros/jazzy/opt/gz_msgs_vendor/share/gz:/opt/ros/jazzy/opt/gz_common_vendor/share/gz', 'CI': '1', 'VSCODE_HANDLES_UNCAUGHT_ERRORS': 'true', 'XDG_SESSION_TYPE': 'tty', 'SHLVL': '1', 'LD_LIBRARY_PATH': '/home/boris/ros2_ws/install/nav2_msgs/lib:/home/boris/ros2_ws/install/nav2_system_tests/lib:/home/boris/ros2_ws/install/opennav_docking/lib:/home/boris/ros2_ws/install/opennav_docking_bt/lib:/home/boris/ros2_ws/install/nav2_smoother/lib:/home/boris/ros2_ws/install/nav2_rotation_shim_controller/lib:/home/boris/ros2_ws/install/nav2_graceful_controller/lib:/home/boris/ros2_ws/install/nav2_controller/lib:/home/boris/ros2_ws/install/dwb_plugins/lib:/home/boris/ros2_ws/install/dwb_critics/lib:/home/boris/ros2_ws/install/dwb_core/lib:/home/boris/ros2_ws/install/nav_2d_utils/lib:/home/boris/ros2_ws/install/dwb_msgs/lib:/home/boris/ros2_ws/install/nav_2d_msgs/lib:/home/boris/ros2_ws/install/nav2_waypoint_follower/lib:/home/boris/ros2_ws/install/nav2_theta_star_planner/lib:/home/boris/ros2_ws/install/nav2_smac_planner/lib:/home/boris/ros2_ws/install/nav2_rviz_plugins/lib:/home/boris/ros2_ws/install/nav2_route/lib:/home/boris/ros2_ws/install/nav2_regulated_pure_pursuit_controller/lib:/home/boris/ros2_ws/install/nav2_planner/lib:/home/boris/ros2_ws/install/nav2_navfn_planner/lib:/home/boris/ros2_ws/install/nav2_mppi_controller/lib:/home/boris/ros2_ws/install/nav2_constrained_smoother/lib:/home/boris/ros2_ws/install/nav2_bt_navigator/lib:/home/boris/ros2_ws/install/nav2_behaviors/lib:/home/boris/ros2_ws/install/nav2_collision_monitor/lib:/home/boris/ros2_ws/install/costmap_queue/lib:/home/boris/ros2_ws/install/nav2_costmap_2d/lib:/home/boris/ros2_ws/install/nav2_voxel_grid/lib:/home/boris/ros2_ws/install/nav2_velocity_smoother/lib:/home/boris/ros2_ws/install/nav2_map_server/lib:/home/boris/ros2_ws/install/nav2_lifecycle_manager/lib:/home/boris/ros2_ws/install/nav2_behavior_tree/lib:/home/boris/ros2_ws/install/nav2_amcl/lib:/home/boris/ros2_ws/install/nav2_util/lib:/home/boris/ros2_ws/install/aehub_navigation/lib:/opt/ros/jazzy/opt/gz_sim_vendor/lib:/opt/ros/jazzy/opt/gz_sensors_vendor/lib:/opt/ros/jazzy/opt/gz_physics_vendor/lib:/opt/ros/jazzy/opt/sdformat_vendor/lib:/opt/ros/jazzy/opt/rviz_ogre_vendor/lib:/opt/ros/jazzy/lib/aarch64-linux-gnu:/opt/ros/jazzy/opt/gz_gui_vendor/lib:/opt/ros/jazzy/opt/gz_transport_vendor/lib:/opt/ros/jazzy/opt/gz_rendering_vendor/lib:/opt/ros/jazzy/opt/gz_plugin_vendor/lib:/opt/ros/jazzy/opt/gz_fuel_tools_vendor/lib:/opt/ros/jazzy/opt/gz_msgs_vendor/lib:/opt/ros/jazzy/opt/gz_common_vendor/lib:/opt/ros/jazzy/opt/gz_math_vendor/lib:/opt/ros/jazzy/opt/gz_utils_vendor/lib:/opt/ros/jazzy/opt/gz_tools_vendor/lib:/opt/ros/jazzy/opt/gz_ogre_next_vendor/lib:/opt/ros/jazzy/opt/gz_dartsim_vendor/lib:/opt/ros/jazzy/opt/gz_cmake_vendor/lib:/opt/ros/jazzy/lib', 'BROWSER': '/home/boris/.cursor-server/bin/linux-arm64/2ca326e0d1ce10956aea33d54c0e2d8c13c58a30/bin/helpers/browser.sh', 'HOME': '/home/boris', 'OLDPWD': '/home/boris/ros2_ws', 'VSCODE_IPC_HOOK_CLI': '/run/user/1000/vscode-ipc-850714e3-af12-4e97-beaa-05c6e74d3d45.sock', 'ROS_PYTHON_VERSION': '3', 'NO_COLOR': '1', 'DBUS_SESSION_BUS_ADDRESS': 'unix:path=/run/user/1000/bus', 'VSCODE_L10N_BUNDLE_LOCATION': '', 'COLCON_PREFIX_PATH': '/home/boris/ros2_ws/install', 'ROS_DISTRO': 'jazzy', 'LOGNAME': 'boris', 'FORCE_COLOR': '0', 'VSCODE_HANDLES_SIGPIPE': 'true', '_': '/usr/bin/colcon', 'ROS_VERSION': '2', 'XDG_SESSION_CLASS': 'user', 'TERM': 'dumb', 'EVERYSPHERE_RIPGREP_PATH': '/home/boris/.cursor-server/bin/linux-arm64/2ca326e0d1ce10956aea33d54c0e2d8c13c58a30/resources/helpers/rg', 'XDG_SESSION_ID': '216', 'PATH': '/home/boris/.cursor-server/bin/linux-arm64/2ca326e0d1ce10956aea33d54c0e2d8c13c58a30/bin/remote-cli:/opt/ros/jazzy/opt/gz_msgs_vendor/bin:/opt/ros/jazzy/opt/gz_tools_vendor/bin:/opt/ros/jazzy/opt/gz_ogre_next_vendor/bin:/opt/ros/jazzy/bin:/home/boris/.cursor-server/bin/linux-arm64/2ca326e0d1ce10956aea33d54c0e2d8c13c58a30/bin/remote-cli:/usr/local/sbin:/usr/local/bin:/usr/sbin:/usr/bin:/sbin:/bin:/usr/games:/usr/local/games:/snap/bin', 'VSCODE_AGENT_FOLDER': '/home/boris/.cursor-server', 'XDG_RUNTIME_DIR': '/run/user/1000', 'CURSOR_AGENT': '1', 'LANG': 'en_US.UTF-8', 'LS_COLORS': '', 'AMENT_PREFIX_PATH': '/home/boris/ros2_ws/install/symovo_bridge:/home/boris/ros2_ws/install/nav2_system_tests:/home/boris/ros2_ws/install/nav2_bringup:/home/boris/ros2_ws/install/navigation2:/home/boris/ros2_ws/install/opennav_docking:/home/boris/ros2_ws/install/opennav_docking_core:/home/boris/ros2_ws/install/opennav_docking_bt:/home/boris/ros2_ws/install/nav2_smoother:/home/boris/ros2_ws/install/nav2_rotation_shim_controller:/home/boris/ros2_ws/install/nav2_graceful_controller:/home/boris/ros2_ws/install/nav2_dwb_controller:/home/boris/ros2_ws/install/nav2_controller:/home/boris/ros2_ws/install/dwb_plugins:/home/boris/ros2_ws/install/dwb_critics:/home/boris/ros2_ws/install/dwb_core:/home/boris/ros2_ws/install/nav_2d_utils:/home/boris/ros2_ws/install/dwb_msgs:/home/boris/ros2_ws/install/nav_2d_msgs:/home/boris/ros2_ws/install/nav2_waypoint_follower:/home/boris/ros2_ws/install/nav2_theta_star_planner:/home/boris/ros2_ws/install/nav2_smac_planner:/home/boris/ros2_ws/install/nav2_rviz_plugins:/home/boris/ros2_ws/install/nav2_route:/home/boris/ros2_ws/install/nav2_regulated_pure_pursuit_controller:/home/boris/ros2_ws/install/nav2_planner:/home/boris/ros2_ws/install/nav2_navfn_planner:/home/boris/ros2_ws/install/nav2_mppi_controller:/home/boris/ros2_ws/install/nav2_constrained_smoother:/home/boris/ros2_ws/install/nav2_bt_navigator:/home/boris/ros2_ws/install/nav2_behaviors:/home/boris/ros2_ws/install/nav2_core:/home/boris/ros2_ws/install/nav2_collision_monitor:/home/boris/ros2_ws/install/costmap_queue:/home/boris/ros2_ws/install/nav2_costmap_2d:/home/boris/ros2_ws/install/nav2_voxel_grid:/home/boris/ros2_ws/install/nav2_velocity_smoother:/home/boris/ros2_ws/install/nav2_map_server:/home/boris/ros2_ws/install/nav2_lifecycle_manager:/home/boris/ros2_ws/install/nav2_behavior_tree:/home/boris/ros2_ws/install/nav2_amcl:/home/boris/ros2_ws/install/nav2_util:/home/boris/ros2_ws/install/nav2_loopback_sim:/home/boris/ros2_ws/install/nav2_simple_commander:/home/boris/ros2_ws/install/aehub_navigation:/home/boris/ros2_ws/install/nav2_msgs:/home/boris/ros2_ws/install/nav2_common:/home/boris/ros2_ws/install/base_controller:/opt/ros/jazzy', 'SHELL': '/bin/bash', 'VSCODE_SERVER_SHUTDOWN_TIMEOUT': '300', 'LESSCLOSE': '/usr/bin/lesspipe %s %s', 'ROS_AUTOMATIC_DISCOVERY_RANGE': 'SUBNET', 'PWD': '/home/boris/ros2_ws/build/aehub_navigation', 'LC_ALL': 'en_US.UTF-8', 'SSH_CONNECTION': '::1 55350 ::1 22', 'XDG_DATA_DIRS': '/usr/local/share:/usr/share:/var/lib/snapd/desktop', 'PYTHONPATH': '/home/boris/ros2_ws/install/nav2_msgs/lib/python3.12/site-packages:/home/boris/ros2_ws/install/nav2_common/lib/python3.12/site-packages:/home/boris/ros2_ws/install/symovo_bridge/lib/python3.12/site-packages:/home/boris/ros2_ws/install/dwb_msgs/lib/python3.12/site-packages:/home/boris/ros2_ws/install/nav_2d_msgs/lib/python3.12/site-packages:/home/boris/ros2_ws/build/nav2_loopback_sim:/home/boris/ros2_ws/install/nav2_loopback_sim/lib/python3.12/site-packages:/home/boris/ros2_ws/build/nav2_simple_commander:/home/boris/ros2_ws/install/nav2_simple_commander/lib/python3.12/site-packages:/home/boris/ros2_ws/install/aehub_navigation/lib/python3.12/site-packages:/opt/ros/jazzy/lib/python3.12/site-packages', 'COLCON': '1', '_ZO_DOCTOR': '0', 'CMAKE_PREFIX_PATH': '/home/boris/ros2_ws/install/nav2_msgs:/home/boris/ros2_ws/install/nav2_common:/home/boris/ros2_ws/install/symovo_bridge:/home/boris/ros2_ws/install/nav2_system_tests:/home/boris/ros2_ws/install/nav2_bringup:/home/boris/ros2_ws/install/navigation2:/home/boris/ros2_ws/install/opennav_docking:/home/boris/ros2_ws/install/opennav_docking_core:/home/boris/ros2_ws/install/opennav_docking_bt:/home/boris/ros2_ws/install/nav2_smoother:/home/boris/ros2_ws/install/nav2_rotation_shim_controller:/home/boris/ros2_ws/install/nav2_graceful_controller:/home/boris/ros2_ws/install/nav2_dwb_controller:/home/boris/ros2_ws/install/nav2_controller:/home/boris/ros2_ws/install/dwb_plugins:/home/boris/ros2_ws/install/dwb_critics:/home/boris/ros2_ws/install/dwb_core:/home/boris/ros2_ws/install/nav_2d_utils:/home/boris/ros2_ws/install/dwb_msgs:/home/boris/ros2_ws/install/nav_2d_msgs:/home/boris/ros2_ws/install/nav2_waypoint_follower:/home/boris/ros2_ws/install/nav2_theta_star_planner:/home/boris/ros2_ws/install/nav2_smac_planner:/home/boris/ros2_ws/install/nav2_rviz_plugins:/home/boris/ros2_ws/install/nav2_route:/home/boris/ros2_ws/install/nav2_regulated_pure_pursuit_controller:/home/boris/ros2_ws/install/nav2_planner:/home/boris/ros2_ws/install/nav2_navfn_planner:/home/boris/ros2_ws/install/nav2_mppi_controller:/home/boris/ros2_ws/install/nav2_constrained_smoother:/home/boris/ros2_ws/install/nav2_bt_navigator:/home/boris/ros2_ws/install/nav2_behaviors:/home/boris/ros2_ws/install/nav2_core:/home/boris/ros2_ws/install/nav2_collision_monitor:/home/boris/ros2_ws/install/costmap_queue:/home/boris/ros2_ws/install/nav2_costmap_2d:/home/boris/ros2_ws/install/nav2_voxel_grid:/home/boris/ros2_ws/install/nav2_velocity_smoother:/home/boris/ros2_ws/install/nav2_map_server:/home/boris/ros2_ws/install/nav2_lifecycle_manager:/home/boris/ros2_ws/install/nav2_behavior_tree:/home/boris/ros2_ws/install/nav2_amcl:/home/boris/ros2_ws/install/nav2_util:/home/boris/ros2_ws/install/aehub_navigation:/home/boris/ros2_ws/install/base_controller:/opt/ros/jazzy/opt/gz_sim_vendor:/opt/ros/jazzy/opt/gz_sensors_vendor:/opt/ros/jazzy/opt/gz_physics_vendor:/opt/ros/jazzy/opt/sdformat_vendor:/opt/ros/jazzy/opt/gz_gui_vendor:/opt/ros/jazzy/opt/gz_transport_vendor:/opt/ros/jazzy/opt/gz_rendering_vendor:/opt/ros/jazzy/opt/gz_plugin_vendor:/opt/ros/jazzy/opt/gz_fuel_tools_vendor:/opt/ros/jazzy/opt/gz_msgs_vendor:/opt/ros/jazzy/opt/gz_common_vendor:/opt/ros/jazzy/opt/gz_math_vendor:/opt/ros/jazzy/opt/gz_utils_vendor:/opt/ros/jazzy/opt/gz_tools_vendor:/opt/ros/jazzy/opt/gz_ogre_next_vendor:/opt/ros/jazzy/opt/gz_dartsim_vendor:/opt/ros/jazzy/opt/gz_cmake_vendor:/home/boris/ros2_ws/install/nav2_loopback_sim:/home/boris/ros2_ws/install/nav2_simple_commander:/opt/ros/jazzy'}), 'shell': False}
[0.101504] (-) TimerEvent: {}
[0.210463] (-) TimerEvent: {}
[0.302559] (aehub_navigation) StdoutLine: {'line': b'[ 50%] Built target nav2_action_client\n'}
[0.311930] (-) TimerEvent: {}
[0.354520] (aehub_navigation) StdoutLine: {'line': b'[100%] Built target position_registry\n'}
[0.361984] (aehub_navigation) StdoutLine: {'line': b'[100%] Built target ament_cmake_python_symlink_aehub_navigation\n'}
[0.390490] (aehub_navigation) StdoutLine: {'line': b'[100%] Built target ament_cmake_python_symlink_aehub_navigation_setup\n'}
[0.412055] (-) TimerEvent: {}
[0.512328] (-) TimerEvent: {}
[0.613818] (-) TimerEvent: {}
[0.714026] (-) TimerEvent: {}
[0.814340] (-) TimerEvent: {}
[0.910964] (aehub_navigation) StdoutLine: {'line': b'running install_scripts\n'}
[0.914463] (-) TimerEvent: {}
[0.987788] (aehub_navigation) StderrLine: {'line': b'/usr/lib/python3/dist-packages/setuptools/_distutils/cmd.py:66: SetuptoolsDeprecationWarning: setup.py install is deprecated.\n'}
[0.988171] (aehub_navigation) StderrLine: {'line': b'!!\n'}
[0.988315] (aehub_navigation) StderrLine: {'line': b'\n'}
[0.988463] (aehub_navigation) StderrLine: {'line': b'        ********************************************************************************\n'}
[0.988617] (aehub_navigation) StderrLine: {'line': b'        Please avoid running ``setup.py`` directly.\n'}
[0.988737] (aehub_navigation) StderrLine: {'line': b'        Instead, use pypa/build, pypa/installer or other\n'}
[0.988861] (aehub_navigation) StderrLine: {'line': b'        standards-based tools.\n'}
[0.988983] (aehub_navigation) StderrLine: {'line': b'\n'}
[0.989106] (aehub_navigation) StderrLine: {'line': b'        See https://blog.ganssle.io/articles/2021/10/setup-py-deprecated.html for details.\n'}
[0.989245] (aehub_navigation) StderrLine: {'line': b'        ********************************************************************************\n'}
[0.989349] (aehub_navigation) StderrLine: {'line': b'\n'}
[0.989479] (aehub_navigation) StderrLine: {'line': b'!!\n'}
[0.989603] (aehub_navigation) StderrLine: {'line': b'  self.initialize_options()\n'}
[1.004446] (aehub_navigation) StdoutLine: {'line': b'running egg_info\n'}
[1.014578] (-) TimerEvent: {}
[1.030856] (aehub_navigation) StdoutLine: {'line': b'running egg_info\n'}
[1.084377] (aehub_navigation) StdoutLine: {'line': b'writing aehub_navigation.egg-info/PKG-INFO\n'}
[1.087863] (aehub_navigation) StdoutLine: {'line': b'writing dependency_links to aehub_navigation.egg-info/dependency_links.txt\n'}
[1.089770] (aehub_navigation) StdoutLine: {'line': b'writing top-level names to aehub_navigation.egg-info/top_level.txt\n'}
[1.108971] (aehub_navigation) StdoutLine: {'line': b'writing aehub_navigation.egg-info/PKG-INFO\n'}
[1.110202] (aehub_navigation) StdoutLine: {'line': b'writing dependency_links to aehub_navigation.egg-info/dependency_links.txt\n'}
[1.114098] (aehub_navigation) StdoutLine: {'line': b'writing top-level names to aehub_navigation.egg-info/top_level.txt\n'}
[1.114838] (-) TimerEvent: {}
[1.217459] (-) TimerEvent: {}
[1.240383] (aehub_navigation) StdoutLine: {'line': b"reading manifest file 'aehub_navigation.egg-info/SOURCES.txt'\n"}
[1.243145] (aehub_navigation) StdoutLine: {'line': b"writing manifest file 'aehub_navigation.egg-info/SOURCES.txt'\n"}
[1.307627] (aehub_navigation) StdoutLine: {'line': b"reading manifest file 'aehub_navigation.egg-info/SOURCES.txt'\n"}
[1.307870] (aehub_navigation) StdoutLine: {'line': b"writing manifest file 'aehub_navigation.egg-info/SOURCES.txt'\n"}
[1.317692] (-) TimerEvent: {}
[1.419145] (-) TimerEvent: {}
[1.438427] (aehub_navigation) StdoutLine: {'line': b'[100%] Built target ament_cmake_python_build_aehub_navigation_egg\n'}
[1.519261] (-) TimerEvent: {}
[1.613129] (aehub_navigation) StdoutLine: {'line': b'[100%] Built target ament_cmake_python_build_aehub_navigation_scripts\n'}
[1.619361] (-) TimerEvent: {}
[1.657747] (aehub_navigation) CommandEnded: {'returncode': 0}
[1.659217] (aehub_navigation) JobProgress: {'identifier': 'aehub_navigation', 'progress': 'install'}
[1.689338] (aehub_navigation) Command: {'cmd': ['/usr/bin/cmake', '--install', '/home/boris/ros2_ws/build/aehub_navigation'], 'cwd': '/home/boris/ros2_ws/build/aehub_navigation', 'env': OrderedDict({'LESSOPEN': '| /usr/bin/lesspipe %s', 'VSCODE_CWD': '/home/boris', 'VSCODE_ESM_ENTRYPOINT': 'vs/workbench/api/node/extensionHostProcess', 'USER': 'boris', 'SSH_CLIENT': '::1 55350 22', 'VSCODE_NLS_CONFIG': '{"userLocale":"en","osLocale":"en","resolvedLanguage":"en","defaultMessagesFile":"/home/boris/.cursor-server/bin/linux-arm64/2ca326e0d1ce10956aea33d54c0e2d8c13c58a30/out/nls.messages.json","locale":"en","availableLanguages":{}}', 'GZ_CONFIG_PATH': '/opt/ros/jazzy/opt/gz_sim_vendor/share/gz:/opt/ros/jazzy/opt/sdformat_vendor/share/gz:/opt/ros/jazzy/opt/gz_gui_vendor/share/gz:/opt/ros/jazzy/opt/gz_transport_vendor/share/gz:/opt/ros/jazzy/opt/gz_rendering_vendor/share/gz:/opt/ros/jazzy/opt/gz_plugin_vendor/share/gz:/opt/ros/jazzy/opt/gz_fuel_tools_vendor/share/gz:/opt/ros/jazzy/opt/gz_msgs_vendor/share/gz:/opt/ros/jazzy/opt/gz_common_vendor/share/gz', 'CI': '1', 'VSCODE_HANDLES_UNCAUGHT_ERRORS': 'true', 'XDG_SESSION_TYPE': 'tty', 'SHLVL': '1', 'LD_LIBRARY_PATH': '/home/boris/ros2_ws/install/nav2_msgs/lib:/home/boris/ros2_ws/install/nav2_system_tests/lib:/home/boris/ros2_ws/install/opennav_docking/lib:/home/boris/ros2_ws/install/opennav_docking_bt/lib:/home/boris/ros2_ws/install/nav2_smoother/lib:/home/boris/ros2_ws/install/nav2_rotation_shim_controller/lib:/home/boris/ros2_ws/install/nav2_graceful_controller/lib:/home/boris/ros2_ws/install/nav2_controller/lib:/home/boris/ros2_ws/install/dwb_plugins/lib:/home/boris/ros2_ws/install/dwb_critics/lib:/home/boris/ros2_ws/install/dwb_core/lib:/home/boris/ros2_ws/install/nav_2d_utils/lib:/home/boris/ros2_ws/install/dwb_msgs/lib:/home/boris/ros2_ws/install/nav_2d_msgs/lib:/home/boris/ros2_ws/install/nav2_waypoint_follower/lib:/home/boris/ros2_ws/install/nav2_theta_star_planner/lib:/home/boris/ros2_ws/install/nav2_smac_planner/lib:/home/boris/ros2_ws/install/nav2_rviz_plugins/lib:/home/boris/ros2_ws/install/nav2_route/lib:/home/boris/ros2_ws/install/nav2_regulated_pure_pursuit_controller/lib:/home/boris/ros2_ws/install/nav2_planner/lib:/home/boris/ros2_ws/install/nav2_navfn_planner/lib:/home/boris/ros2_ws/install/nav2_mppi_controller/lib:/home/boris/ros2_ws/install/nav2_constrained_smoother/lib:/home/boris/ros2_ws/install/nav2_bt_navigator/lib:/home/boris/ros2_ws/install/nav2_behaviors/lib:/home/boris/ros2_ws/install/nav2_collision_monitor/lib:/home/boris/ros2_ws/install/costmap_queue/lib:/home/boris/ros2_ws/install/nav2_costmap_2d/lib:/home/boris/ros2_ws/install/nav2_voxel_grid/lib:/home/boris/ros2_ws/install/nav2_velocity_smoother/lib:/home/boris/ros2_ws/install/nav2_map_server/lib:/home/boris/ros2_ws/install/nav2_lifecycle_manager/lib:/home/boris/ros2_ws/install/nav2_behavior_tree/lib:/home/boris/ros2_ws/install/nav2_amcl/lib:/home/boris/ros2_ws/install/nav2_util/lib:/home/boris/ros2_ws/install/aehub_navigation/lib:/opt/ros/jazzy/opt/gz_sim_vendor/lib:/opt/ros/jazzy/opt/gz_sensors_vendor/lib:/opt/ros/jazzy/opt/gz_physics_vendor/lib:/opt/ros/jazzy/opt/sdformat_vendor/lib:/opt/ros/jazzy/opt/rviz_ogre_vendor/lib:/opt/ros/jazzy/lib/aarch64-linux-gnu:/opt/ros/jazzy/opt/gz_gui_vendor/lib:/opt/ros/jazzy/opt/gz_transport_vendor/lib:/opt/ros/jazzy/opt/gz_rendering_vendor/lib:/opt/ros/jazzy/opt/gz_plugin_vendor/lib:/opt/ros/jazzy/opt/gz_fuel_tools_vendor/lib:/opt/ros/jazzy/opt/gz_msgs_vendor/lib:/opt/ros/jazzy/opt/gz_common_vendor/lib:/opt/ros/jazzy/opt/gz_math_vendor/lib:/opt/ros/jazzy/opt/gz_utils_vendor/lib:/opt/ros/jazzy/opt/gz_tools_vendor/lib:/opt/ros/jazzy/opt/gz_ogre_next_vendor/lib:/opt/ros/jazzy/opt/gz_dartsim_vendor/lib:/opt/ros/jazzy/opt/gz_cmake_vendor/lib:/opt/ros/jazzy/lib', 'BROWSER': '/home/boris/.cursor-server/bin/linux-arm64/2ca326e0d1ce10956aea33d54c0e2d8c13c58a30/bin/helpers/browser.sh', 'HOME': '/home/boris', 'OLDPWD': '/home/boris/ros2_ws', 'VSCODE_IPC_HOOK_CLI': '/run/user/1000/vscode-ipc-850714e3-af12-4e97-beaa-05c6e74d3d45.sock', 'ROS_PYTHON_VERSION': '3', 'NO_COLOR': '1', 'DBUS_SESSION_BUS_ADDRESS': 'unix:path=/run/user/1000/bus', 'VSCODE_L10N_BUNDLE_LOCATION': '', 'COLCON_PREFIX_PATH': '/home/boris/ros2_ws/install', 'ROS_DISTRO': 'jazzy', 'LOGNAME': 'boris', 'FORCE_COLOR': '0', 'VSCODE_HANDLES_SIGPIPE': 'true', '_': '/usr/bin/colcon', 'ROS_VERSION': '2', 'XDG_SESSION_CLASS': 'user', 'TERM': 'dumb', 'EVERYSPHERE_RIPGREP_PATH': '/home/boris/.cursor-server/bin/linux-arm64/2ca326e0d1ce10956aea33d54c0e2d8c13c58a30/resources/helpers/rg', 'XDG_SESSION_ID': '216', 'PATH': '/home/boris/.cursor-server/bin/linux-arm64/2ca326e0d1ce10956aea33d54c0e2d8c13c58a30/bin/remote-cli:/opt/ros/jazzy/opt/gz_msgs_vendor/bin:/opt/ros/jazzy/opt/gz_tools_vendor/bin:/opt/ros/jazzy/opt/gz_ogre_next_vendor/bin:/opt/ros/jazzy/bin:/home/boris/.cursor-server/bin/linux-arm64/2ca326e0d1ce10956aea33d54c0e2d8c13c58a30/bin/remote-cli:/usr/local/sbin:/usr/local/bin:/usr/sbin:/usr/bin:/sbin:/bin:/usr/games:/usr/local/games:/snap/bin', 'VSCODE_AGENT_FOLDER': '/home/boris/.cursor-server', 'XDG_RUNTIME_DIR': '/run/user/1000', 'CURSOR_AGENT': '1', 'LANG': 'en_US.UTF-8', 'LS_COLORS': '', 'AMENT_PREFIX_PATH': '/home/boris/ros2_ws/install/symovo_bridge:/home/boris/ros2_ws/install/nav2_system_tests:/home/boris/ros2_ws/install/nav2_bringup:/home/boris/ros2_ws/install/navigation2:/home/boris/ros2_ws/install/opennav_docking:/home/boris/ros2_ws/install/opennav_docking_core:/home/boris/ros2_ws/install/opennav_docking_bt:/home/boris/ros2_ws/install/nav2_smoother:/home/boris/ros2_ws/install/nav2_rotation_shim_controller:/home/boris/ros2_ws/install/nav2_graceful_controller:/home/boris/ros2_ws/install/nav2_dwb_controller:/home/boris/ros2_ws/install/nav2_controller:/home/boris/ros2_ws/install/dwb_plugins:/home/boris/ros2_ws/install/dwb_critics:/home/boris/ros2_ws/install/dwb_core:/home/boris/ros2_ws/install/nav_2d_utils:/home/boris/ros2_ws/install/dwb_msgs:/home/boris/ros2_ws/install/nav_2d_msgs:/home/boris/ros2_ws/install/nav2_waypoint_follower:/home/boris/ros2_ws/install/nav2_theta_star_planner:/home/boris/ros2_ws/install/nav2_smac_planner:/home/boris/ros2_ws/install/nav2_rviz_plugins:/home/boris/ros2_ws/install/nav2_route:/home/boris/ros2_ws/install/nav2_regulated_pure_pursuit_controller:/home/boris/ros2_ws/install/nav2_planner:/home/boris/ros2_ws/install/nav2_navfn_planner:/home/boris/ros2_ws/install/nav2_mppi_controller:/home/boris/ros2_ws/install/nav2_constrained_smoother:/home/boris/ros2_ws/install/nav2_bt_navigator:/home/boris/ros2_ws/install/nav2_behaviors:/home/boris/ros2_ws/install/nav2_core:/home/boris/ros2_ws/install/nav2_collision_monitor:/home/boris/ros2_ws/install/costmap_queue:/home/boris/ros2_ws/install/nav2_costmap_2d:/home/boris/ros2_ws/install/nav2_voxel_grid:/home/boris/ros2_ws/install/nav2_velocity_smoother:/home/boris/ros2_ws/install/nav2_map_server:/home/boris/ros2_ws/install/nav2_lifecycle_manager:/home/boris/ros2_ws/install/nav2_behavior_tree:/home/boris/ros2_ws/install/nav2_amcl:/home/boris/ros2_ws/install/nav2_util:/home/boris/ros2_ws/install/nav2_loopback_sim:/home/boris/ros2_ws/install/nav2_simple_commander:/home/boris/ros2_ws/install/aehub_navigation:/home/boris/ros2_ws/install/nav2_msgs:/home/boris/ros2_ws/install/nav2_common:/home/boris/ros2_ws/install/base_controller:/opt/ros/jazzy', 'SHELL': '/bin/bash', 'VSCODE_SERVER_SHUTDOWN_TIMEOUT': '300', 'LESSCLOSE': '/usr/bin/lesspipe %s %s', 'ROS_AUTOMATIC_DISCOVERY_RANGE': 'SUBNET', 'PWD': '/home/boris/ros2_ws/build/aehub_navigation', 'LC_ALL': 'en_US.UTF-8', 'SSH_CONNECTION': '::1 55350 ::1 22', 'XDG_DATA_DIRS': '/usr/local/share:/usr/share:/var/lib/snapd/desktop', 'PYTHONPATH': '/home/boris/ros2_ws/install/nav2_msgs/lib/python3.12/site-packages:/home/boris/ros2_ws/install/nav2_common/lib/python3.12/site-packages:/home/boris/ros2_ws/install/symovo_bridge/lib/python3.12/site-packages:/home/boris/ros2_ws/install/dwb_msgs/lib/python3.12/site-packages:/home/boris/ros2_ws/install/nav_2d_msgs/lib/python3.12/site-packages:/home/boris/ros2_ws/build/nav2_loopback_sim:/home/boris/ros2_ws/install/nav2_loopback_sim/lib/python3.12/site-packages:/home/boris/ros2_ws/build/nav2_simple_commander:/home/boris/ros2_ws/install/nav2_simple_commander/lib/python3.12/site-packages:/home/boris/ros2_ws/install/aehub_navigation/lib/python3.12/site-packages:/opt/ros/jazzy/lib/python3.12/site-packages', 'COLCON': '1', '_ZO_DOCTOR': '0', 'CMAKE_PREFIX_PATH': '/home/boris/ros2_ws/install/nav2_msgs:/home/boris/ros2_ws/install/nav2_common:/home/boris/ros2_ws/install/symovo_bridge:/home/boris/ros2_ws/install/nav2_system_tests:/home/boris/ros2_ws/install/nav2_bringup:/home/boris/ros2_ws/install/navigation2:/home/boris/ros2_ws/install/opennav_docking:/home/boris/ros2_ws/install/opennav_docking_core:/home/boris/ros2_ws/install/opennav_docking_bt:/home/boris/ros2_ws/install/nav2_smoother:/home/boris/ros2_ws/install/nav2_rotation_shim_controller:/home/boris/ros2_ws/install/nav2_graceful_controller:/home/boris/ros2_ws/install/nav2_dwb_controller:/home/boris/ros2_ws/install/nav2_controller:/home/boris/ros2_ws/install/dwb_plugins:/home/boris/ros2_ws/install/dwb_critics:/home/boris/ros2_ws/install/dwb_core:/home/boris/ros2_ws/install/nav_2d_utils:/home/boris/ros2_ws/install/dwb_msgs:/home/boris/ros2_ws/install/nav_2d_msgs:/home/boris/ros2_ws/install/nav2_waypoint_follower:/home/boris/ros2_ws/install/nav2_theta_star_planner:/home/boris/ros2_ws/install/nav2_smac_planner:/home/boris/ros2_ws/install/nav2_rviz_plugins:/home/boris/ros2_ws/install/nav2_route:/home/boris/ros2_ws/install/nav2_regulated_pure_pursuit_controller:/home/boris/ros2_ws/install/nav2_planner:/home/boris/ros2_ws/install/nav2_navfn_planner:/home/boris/ros2_ws/install/nav2_mppi_controller:/home/boris/ros2_ws/install/nav2_constrained_smoother:/home/boris/ros2_ws/install/nav2_bt_navigator:/home/boris/ros2_ws/install/nav2_behaviors:/home/boris/ros2_ws/install/nav2_core:/home/boris/ros2_ws/install/nav2_collision_monitor:/home/boris/ros2_ws/install/costmap_queue:/home/boris/ros2_ws/install/nav2_costmap_2d:/home/boris/ros2_ws/install/nav2_voxel_grid:/home/boris/ros2_ws/install/nav2_velocity_smoother:/home/boris/ros2_ws/install/nav2_map_server:/home/boris/ros2_ws/install/nav2_lifecycle_manager:/home/boris/ros2_ws/install/nav2_behavior_tree:/home/boris/ros2_ws/install/nav2_amcl:/home/boris/ros2_ws/install/nav2_util:/home/boris/ros2_ws/install/aehub_navigation:/home/boris/ros2_ws/install/base_controller:/opt/ros/jazzy/opt/gz_sim_vendor:/opt/ros/jazzy/opt/gz_sensors_vendor:/opt/ros/jazzy/opt/gz_physics_vendor:/opt/ros/jazzy/opt/sdformat_vendor:/opt/ros/jazzy/opt/gz_gui_vendor:/opt/ros/jazzy/opt/gz_transport_vendor:/opt/ros/jazzy/opt/gz_rendering_vendor:/opt/ros/jazzy/opt/gz_plugin_vendor:/opt/ros/jazzy/opt/gz_fuel_tools_vendor:/opt/ros/jazzy/opt/gz_msgs_vendor:/opt/ros/jazzy/opt/gz_common_vendor:/opt/ros/jazzy/opt/gz_math_vendor:/opt/ros/jazzy/opt/gz_utils_vendor:/opt/ros/jazzy/opt/gz_tools_vendor:/opt/ros/jazzy/opt/gz_ogre_next_vendor:/opt/ros/jazzy/opt/gz_dartsim_vendor:/opt/ros/jazzy/opt/gz_cmake_vendor:/home/boris/ros2_ws/install/nav2_loopback_sim:/home/boris/ros2_ws/install/nav2_simple_commander:/opt/ros/jazzy'}), 'shell': False}
[1.717952] (aehub_navigation) StdoutLine: {'line': b'-- Install configuration: ""\n'}
[1.718747] (aehub_navigation) StdoutLine: {'line': b'-- Execute custom install script\n'}
[1.719530] (aehub_navigation) StdoutLine: {'line': b'-- Up-to-date symlink: /home/boris/ros2_ws/install/aehub_navigation/share/aehub_navigation/environment/library_path.sh\n'}
[1.720080] (-) TimerEvent: {}
[1.720117] (aehub_navigation) StdoutLine: {'line': b'-- Up-to-date symlink: /home/boris/ros2_ws/install/aehub_navigation/share/aehub_navigation/environment/library_path.dsv\n'}
[1.720239] (aehub_navigation) StdoutLine: {'line': b'-- Up-to-date symlink: /home/boris/ros2_ws/install/aehub_navigation/lib/aehub_navigation/libposition_registry.so\n'}
[1.720504] (aehub_navigation) StdoutLine: {'line': b'-- Up-to-date symlink: /home/boris/ros2_ws/install/aehub_navigation/lib/aehub_navigation/libnav2_action_client.so\n'}
[1.720900] (aehub_navigation) StdoutLine: {'line': b'-- Up-to-date symlink: /home/boris/ros2_ws/install/aehub_navigation/include/aehub_navigation/nav2_action_client.hpp\n'}
[1.721289] (aehub_navigation) StdoutLine: {'line': b'-- Up-to-date symlink: /home/boris/ros2_ws/install/aehub_navigation/include/aehub_navigation/position_registry.hpp\n'}
[1.721887] (aehub_navigation) StdoutLine: {'line': b'-- Up-to-date symlink: /home/boris/ros2_ws/install/aehub_navigation/share/aehub_navigation/environment/pythonpath.sh\n'}
[1.722362] (aehub_navigation) StdoutLine: {'line': b'-- Up-to-date symlink: /home/boris/ros2_ws/install/aehub_navigation/share/aehub_navigation/environment/pythonpath.dsv\n'}
[1.723099] (aehub_navigation) StdoutLine: {'line': b'-- Up-to-date symlink: /home/boris/ros2_ws/install/aehub_navigation/lib/python3.12/site-packages/aehub_navigation-0.1.0-py3.12.egg-info/PKG-INFO\n'}
[1.723876] (aehub_navigation) StdoutLine: {'line': b'-- Up-to-date symlink: /home/boris/ros2_ws/install/aehub_navigation/lib/python3.12/site-packages/aehub_navigation-0.1.0-py3.12.egg-info/SOURCES.txt\n'}
[1.724407] (aehub_navigation) StdoutLine: {'line': b'-- Up-to-date symlink: /home/boris/ros2_ws/install/aehub_navigation/lib/python3.12/site-packages/aehub_navigation-0.1.0-py3.12.egg-info/dependency_links.txt\n'}
[1.724546] (aehub_navigation) StdoutLine: {'line': b'-- Up-to-date symlink: /home/boris/ros2_ws/install/aehub_navigation/lib/python3.12/site-packages/aehub_navigation-0.1.0-py3.12.egg-info/top_level.txt\n'}
[1.725220] (aehub_navigation) StdoutLine: {'line': b'-- Up-to-date symlink: /home/boris/ros2_ws/install/aehub_navigation/lib/python3.12/site-packages/aehub_navigation/__init__.py\n'}
[1.725734] (aehub_navigation) StdoutLine: {'line': b'-- Up-to-date symlink: /home/boris/ros2_ws/install/aehub_navigation/lib/python3.12/site-packages/aehub_navigation/broker_config_provider.py\n'}
[1.725897] (aehub_navigation) StdoutLine: {'line': b'-- Up-to-date symlink: /home/boris/ros2_ws/install/aehub_navigation/lib/python3.12/site-packages/aehub_navigation/circuit_breaker.py\n'}
[1.726615] (aehub_navigation) StdoutLine: {'line': b'-- Up-to-date symlink: /home/boris/ros2_ws/install/aehub_navigation/lib/python3.12/site-packages/aehub_navigation/command_rate_limiter.py\n'}
[1.727500] (aehub_navigation) StdoutLine: {'line': b'-- Up-to-date symlink: /home/boris/ros2_ws/install/aehub_navigation/lib/python3.12/site-packages/aehub_navigation/command_validator.py\n'}
[1.727642] (aehub_navigation) StdoutLine: {'line': b'-- Up-to-date symlink: /home/boris/ros2_ws/install/aehub_navigation/lib/python3.12/site-packages/aehub_navigation/error_handler.py\n'}
[1.727728] (aehub_navigation) StdoutLine: {'line': b'-- Up-to-date symlink: /home/boris/ros2_ws/install/aehub_navigation/lib/python3.12/site-packages/aehub_navigation/initial_pose_from_symovo.py\n'}
[1.728736] (aehub_navigation) StdoutLine: {'line': b'-- Up-to-date symlink: /home/boris/ros2_ws/install/aehub_navigation/lib/python3.12/site-packages/aehub_navigation/mqtt_command_event_publisher.py\n'}
[1.728854] (aehub_navigation) StdoutLine: {'line': b'-- Up-to-date symlink: /home/boris/ros2_ws/install/aehub_navigation/lib/python3.12/site-packages/aehub_navigation/mqtt_connection_manager.py\n'}
[1.728941] (aehub_navigation) StdoutLine: {'line': b'-- Up-to-date symlink: /home/boris/ros2_ws/install/aehub_navigation/lib/python3.12/site-packages/aehub_navigation/mqtt_status_publisher.py\n'}
[1.732939] (aehub_navigation) StdoutLine: {'line': b'-- Up-to-date symlink: /home/boris/ros2_ws/install/aehub_navigation/lib/python3.12/site-packages/aehub_navigation/navigation_action_client.py\n'}
[1.733226] (aehub_navigation) StdoutLine: {'line': b'-- Up-to-date symlink: /home/boris/ros2_ws/install/aehub_navigation/lib/python3.12/site-packages/aehub_navigation/navigation_command_handler.py\n'}
[1.733333] (aehub_navigation) StdoutLine: {'line': b'-- Up-to-date symlink: /home/boris/ros2_ws/install/aehub_navigation/lib/python3.12/site-packages/aehub_navigation/navigation_integrated_node.py\n'}
[1.733447] (aehub_navigation) StdoutLine: {'line': b'-- Up-to-date symlink: /home/boris/ros2_ws/install/aehub_navigation/lib/python3.12/site-packages/aehub_navigation/navigation_state_manager.py\n'}
[1.733555] (aehub_navigation) StdoutLine: {'line': b'-- Up-to-date symlink: /home/boris/ros2_ws/install/aehub_navigation/lib/python3.12/site-packages/aehub_navigation/position_registry.py\n'}
[1.733664] (aehub_navigation) StdoutLine: {'line': b'-- Up-to-date symlink: /home/boris/ros2_ws/install/aehub_navigation/lib/python3.12/site-packages/aehub_navigation/symovo_map_loader.py\n'}
[1.733753] (aehub_navigation) StdoutLine: {'line': b'-- Up-to-date symlink: /home/boris/ros2_ws/install/aehub_navigation/share/aehub_navigation/config/positions.yaml\n'}
[1.733841] (aehub_navigation) StdoutLine: {'line': b'-- Up-to-date symlink: /home/boris/ros2_ws/install/aehub_navigation/share/ament_index/resource_index/package_run_dependencies/aehub_navigation\n'}
[1.733924] (aehub_navigation) StdoutLine: {'line': b'-- Up-to-date symlink: /home/boris/ros2_ws/install/aehub_navigation/share/ament_index/resource_index/parent_prefix_path/aehub_navigation\n'}
[1.734006] (aehub_navigation) StdoutLine: {'line': b'-- Up-to-date symlink: /home/boris/ros2_ws/install/aehub_navigation/share/aehub_navigation/environment/ament_prefix_path.sh\n'}
[1.734086] (aehub_navigation) StdoutLine: {'line': b'-- Up-to-date symlink: /home/boris/ros2_ws/install/aehub_navigation/share/aehub_navigation/environment/ament_prefix_path.dsv\n'}
[1.734182] (aehub_navigation) StdoutLine: {'line': b'-- Up-to-date symlink: /home/boris/ros2_ws/install/aehub_navigation/share/aehub_navigation/environment/path.sh\n'}
[1.734294] (aehub_navigation) StdoutLine: {'line': b'-- Up-to-date symlink: /home/boris/ros2_ws/install/aehub_navigation/share/aehub_navigation/environment/path.dsv\n'}
[1.734440] (aehub_navigation) StdoutLine: {'line': b'-- Up-to-date symlink: /home/boris/ros2_ws/install/aehub_navigation/share/aehub_navigation/local_setup.bash\n'}
[1.734569] (aehub_navigation) StdoutLine: {'line': b'-- Up-to-date symlink: /home/boris/ros2_ws/install/aehub_navigation/share/aehub_navigation/local_setup.sh\n'}
[1.735451] (aehub_navigation) StdoutLine: {'line': b'-- Up-to-date symlink: /home/boris/ros2_ws/install/aehub_navigation/share/aehub_navigation/local_setup.zsh\n'}
[1.735674] (aehub_navigation) StdoutLine: {'line': b'-- Up-to-date symlink: /home/boris/ros2_ws/install/aehub_navigation/share/aehub_navigation/local_setup.dsv\n'}
[1.735774] (aehub_navigation) StdoutLine: {'line': b'-- Symlinking: /home/boris/ros2_ws/install/aehub_navigation/share/aehub_navigation/package.dsv\n'}
[1.780197] (aehub_navigation) StdoutLine: {'line': b'-- Up-to-date symlink: /home/boris/ros2_ws/install/aehub_navigation/share/ament_index/resource_index/packages/aehub_navigation\n'}
[1.782459] (aehub_navigation) StdoutLine: {'line': b'-- Up-to-date symlink: /home/boris/ros2_ws/install/aehub_navigation/share/aehub_navigation/cmake/ament_cmake_export_include_directories-extras.cmake\n'}
[1.784015] (aehub_navigation) StdoutLine: {'line': b'-- Up-to-date symlink: /home/boris/ros2_ws/install/aehub_navigation/share/aehub_navigation/cmake/ament_cmake_export_libraries-extras.cmake\n'}
[1.786962] (aehub_navigation) StdoutLine: {'line': b'-- Up-to-date symlink: /home/boris/ros2_ws/install/aehub_navigation/share/aehub_navigation/cmake/ament_cmake_export_dependencies-extras.cmake\n'}
[1.788498] (aehub_navigation) StdoutLine: {'line': b'-- Up-to-date symlink: /home/boris/ros2_ws/install/aehub_navigation/share/aehub_navigation/cmake/aehub_navigationConfig.cmake\n'}
[1.791508] (aehub_navigation) StdoutLine: {'line': b'-- Up-to-date symlink: /home/boris/ros2_ws/install/aehub_navigation/share/aehub_navigation/cmake/aehub_navigationConfig-version.cmake\n'}
[1.792096] (aehub_navigation) StdoutLine: {'line': b'-- Up-to-date symlink: /home/boris/ros2_ws/install/aehub_navigation/share/aehub_navigation/package.xml\n'}
[1.820215] (-) TimerEvent: {}
[1.915565] (aehub_navigation) StdoutLine: {'line': b"Listing '/home/boris/ros2_ws/install/aehub_navigation/lib/python3.12/site-packages/aehub_navigation'...\n"}
[1.915855] (aehub_navigation) StdoutLine: {'line': b"Compiling '/home/boris/ros2_ws/install/aehub_navigation/lib/python3.12/site-packages/aehub_navigation/command_validator.py'...\n"}
[1.915975] (aehub_navigation) StdoutLine: {'line': b"Compiling '/home/boris/ros2_ws/install/aehub_navigation/lib/python3.12/site-packages/aehub_navigation/error_handler.py'...\n"}
[1.916080] (aehub_navigation) StdoutLine: {'line': b"Compiling '/home/boris/ros2_ws/install/aehub_navigation/lib/python3.12/site-packages/aehub_navigation/mqtt_command_event_publisher.py'...\n"}
[1.916237] (aehub_navigation) StdoutLine: {'line': b"Compiling '/home/boris/ros2_ws/install/aehub_navigation/lib/python3.12/site-packages/aehub_navigation/mqtt_status_publisher.py'...\n"}
[1.916360] (aehub_navigation) StdoutLine: {'line': b"Compiling '/home/boris/ros2_ws/install/aehub_navigation/lib/python3.12/site-packages/aehub_navigation/navigation_integrated_node.py'...\n"}
[1.921471] (-) TimerEvent: {}
[1.936430] (aehub_navigation) StdoutLine: {'line': b'-- Installing: /home/boris/ros2_ws/install/aehub_navigation/lib/aehub_navigation/navigation_integrated_node\n'}
[1.939387] (aehub_navigation) StdoutLine: {'line': b'-- Up-to-date: /home/boris/ros2_ws/install/aehub_navigation/lib/aehub_navigation/navigation_command_handler\n'}
[1.939748] (aehub_navigation) StdoutLine: {'line': b'-- Installing: /home/boris/ros2_ws/install/aehub_navigation/lib/aehub_navigation/mqtt_status_publisher\n'}
[1.941575] (aehub_navigation) StdoutLine: {'line': b'-- Up-to-date: /home/boris/ros2_ws/install/aehub_navigation/lib/aehub_navigation/initial_pose_from_symovo\n'}
[1.945116] (aehub_navigation) StdoutLine: {'line': b'-- Up-to-date: /home/boris/ros2_ws/install/aehub_navigation/share/aehub_navigation/launch\n'}
[1.945676] (aehub_navigation) StdoutLine: {'line': b'-- Up-to-date: /home/boris/ros2_ws/install/aehub_navigation/share/aehub_navigation/launch/symovo_nav2.launch.py\n'}
[1.946381] (aehub_navigation) StdoutLine: {'line': b'-- Up-to-date: /home/boris/ros2_ws/install/aehub_navigation/share/aehub_navigation/launch/aehub_navigation.launch.py\n'}
[1.946625] (aehub_navigation) CommandEnded: {'returncode': 0}
[2.022116] (-) TimerEvent: {}
[2.029935] (aehub_navigation) JobEnded: {'identifier': 'aehub_navigation', 'rc': 0}
[2.031366] (-) EventReactorShutdown: {}
